MPASM  5.37                           P52.ASM   11-9-2021  6:48:24         PAGE  1


LOC  OBJECT CODE     LINE SOURCE TEXT
  VALUE

                      00001   processor 16f877
                      00002   include<p16f877.inc>
                      00001         LIST
                      00002 ; P16F877.INC  Standard Header File, Version 1.00    Microchip Technology, Inc.
                      00373         LIST
                      00003 
                      00004 ;Valores para los retrasos anidados
  00000021            00005 valor1 equ h'21'
  00000022            00006 valor2 equ h'22'
  00000023            00007 valor3 equ h'23'
  00000005            00008 cte1 equ 5h 
  00000060            00009 cte2 equ 60h
  00000030            00010 cte3 equ 30h
                      00011 
                      00012 ;valores para los retrasos de cada "estado de duración"
  00000024            00013 contadorEdo1 equ 0x24
  00000025            00014 contadorEdo2 equ 0x25
                      00015 
0000                  00016   org 0h
0000   2805           00017   goto INICIO
0005                  00018   org 05h
                      00019 
0005                  00020 INICIO:
0005   0185           00021        CLRF PORTA
0006   1683           00022        BSF STATUS,RP0  ;Cambio al Banco 1
0007   1303           00023        BCF STATUS,RP1 
0008   3000           00024        MOVLW h'0'
Message[302]: Register in operand not in bank 0.  Ensure that bank bits are correct.
0009   0086           00025        MOVWF TRISB     ;Configura Puerto B como salida
000A   0186           00026        CLRF PORTB      ;Limpia los bits de Puerto 1
                      00027             
000B   3006           00028        MOVLW 06h       ;Configura puertos A y E como digitales
Message[302]: Register in operand not in bank 0.  Ensure that bank bits are correct.
000C   009F           00029        MOVWF ADCON1 
000D   303F           00030        MOVLW 3fh       ;Configura el Puerto A como entrada
Message[302]: Register in operand not in bank 0.  Ensure that bank bits are correct.
000E   0085           00031        MOVWF TRISA
000F   1283           00032        BCF STATUS,RP0  ;Regresa al Banco 0
                      00033       
0010                  00034 LOOP:
0010   0805           00035         MOVFW PORTA
0011   3A00           00036         XORLW 0X00 ; Revisamos si se solicita el estado 0 (Motores parados)
0012   1903           00037         BTFSC STATUS, Z 
0013   2824           00038         GOTO ESTADO0
                      00039 
0014   0805           00040         MOVFW PORTA
0015   3A01           00041         XORLW 0X01 ; Revisamos si se solicita el estado 1 (5 segundos horario)
0016   1903           00042         BTFSC STATUS, Z 
0017   2826           00043         GOTO ESTADO1
                      00044      
0018   0805           00045         MOVFW PORTA
0019   3A02           00046         XORLW 0X02 ; Revisamos si se solicita el estado 2 (10 anti-horario)
001A   1903           00047         BTFSC STATUS, Z 
MPASM  5.37                           P52.ASM   11-9-2021  6:48:24         PAGE  2


LOC  OBJECT CODE     LINE SOURCE TEXT
  VALUE

001B   2838           00048         GOTO ESTADO2
                      00049         
001C   0805           00050         MOVFW PORTA
001D   3A03           00051         XORLW 0X03 ; Revisamos si se solicita el estado 3 (5 vueltas horario)
001E   1903           00052         BTFSC STATUS, Z 
001F   2849           00053         GOTO ESTADO3
                      00054         
0020   0805           00055         MOVFW PORTA
0021   3A04           00056         XORLW 0X04 ; Revisamos si se solicita el estado 3 (5 vueltas horario)
0022   1903           00057         BTFSC STATUS, Z 
0023   284C           00058         GOTO ESTADO4
                      00059    
0024                  00060 ESTADO0:
0024   0186           00061         CLRF PORTB
0025   2810           00062         GOTO LOOP
                      00063      
0026                  00064 ESTADO1:
0026   300A           00065         MOVLW 0x0A; Repetir el patrón 10 veces
0027   00A4           00066         MOVWF contadorEdo1
0028   2829           00067         GOTO LOOP_ESTADO_1
                      00068         
0029                  00069 LOOP_ESTADO_1
                      00070         ;CALL retardo   
0029   3008           00071         MOVLW b'00001000'
002A   0086           00072         MOVWF PORTB
002B   204F           00073         CALL retardo
                      00074         
002C   3004           00075         MOVLW b'00000100'
002D   0086           00076         MOVWF PORTB
002E   204F           00077         CALL retardo
                      00078         
002F   3002           00079         MOVLW b'00000010'
0030   0086           00080         MOVWF PORTB
0031   204F           00081         CALL retardo
                      00082         
0032   3001           00083         MOVLW b'00000001'
0033   0086           00084         MOVWF PORTB
                      00085 
Message[305]: Using default destination of 1 (file).
0034   03A4           00086         decf contadorEdo1
0035   1D03           00087         BTFSS STATUS,Z
0036   2829           00088         GOTO LOOP_ESTADO_1;
0037   2810           00089         GOTO LOOP
                      00090 
0038                  00091 ESTADO2:
0038   3014           00092         MOVLW 0x14; Repetir el patrón 20 veces
0039   00A5           00093         MOVWF contadorEdo2
003A   283B           00094         GOTO LOOP_ESTADO_2
                      00095 
003B                  00096 LOOP_ESTADO_2
                      00097         ;CALL retardo   
003B   3001           00098         MOVLW b'00000001'
003C   0086           00099         MOVWF PORTB
MPASM  5.37                           P52.ASM   11-9-2021  6:48:24         PAGE  3


LOC  OBJECT CODE     LINE SOURCE TEXT
  VALUE

                      00100         ;CALL retardo
                      00101         
003D   3002           00102         MOVLW b'00000010'
003E   0086           00103         MOVWF PORTB
003F   204F           00104         CALL retardo
                      00105         
0040   3004           00106         MOVLW b'00000100'
0041   0086           00107         MOVWF PORTB
0042   204F           00108         CALL retardo
                      00109         
0043   3008           00110         MOVLW b'00001000'
0044   0086           00111         MOVWF PORTB
                      00112 
Message[305]: Using default destination of 1 (file).
0045   03A5           00113         decf contadorEdo2
0046   1D03           00114         BTFSS STATUS,Z
0047   283B           00115         GOTO LOOP_ESTADO_2;
0048   2810           00116         GOTO LOOP
                      00117         
0049                  00118 ESTADO3:
0049   300A           00119         MOVLW 0x0A; Repetir el patrón 5 veces 
004A   00A4           00120         MOVWF contadorEdo1
004B   2829           00121         GOTO LOOP_ESTADO_1
                      00122 
004C                  00123 ESTADO4:
004C   300A           00124         MOVLW 0x0A; Repetir el patrón 10 veces 
004D   00A5           00125         MOVWF contadorEdo2
004E   283B           00126         GOTO LOOP_ESTADO_2
004F                  00127 retardo 
004F   3005           00128      movlw cte1      
0050   00A1           00129      movwf valor1
0051   00E0           00130 tres movwf cte2
0052   00A2           00131      movwf valor2
0053   3030           00132 dos  movlw cte3
0054   00A3           00133      movwf valor3
Message[305]: Using default destination of 1 (file).
0055   0BA3           00134 uno  decfsz valor3 
0056   2855           00135      goto uno 
Message[305]: Using default destination of 1 (file).
0057   0BA2           00136      decfsz valor2
0058   2853           00137      goto dos
Message[305]: Using default destination of 1 (file).
0059   0BA1           00138      decfsz valor1   
005A   2851           00139      goto tres
005B   0008           00140      return
                      00141      end
MPASM  5.37                           P52.ASM   11-9-2021  6:48:24         PAGE  4


SYMBOL TABLE
  LABEL                             VALUE 

ACKDT                             00000005
ACKEN                             00000004
ACKSTAT                           00000006
ADCON0                            0000001F
ADCON1                            0000009F
ADCS0                             00000006
ADCS1                             00000007
ADDEN                             00000003
ADFM                              00000007
ADIE                              00000006
ADIF                              00000006
ADON                              00000000
ADRESH                            0000001E
ADRESL                            0000009E
BCLIE                             00000003
BCLIF                             00000003
BF                                00000000
BRGH                              00000002
C                                 00000000
CCP1CON                           00000017
CCP1IE                            00000002
CCP1IF                            00000002
CCP1M0                            00000000
CCP1M1                            00000001
CCP1M2                            00000002
CCP1M3                            00000003
CCP1X                             00000005
CCP1Y                             00000004
CCP2CON                           0000001D
CCP2IE                            00000000
CCP2IF                            00000000
CCP2M0                            00000000
CCP2M1                            00000001
CCP2M2                            00000002
CCP2M3                            00000003
CCP2X                             00000005
CCP2Y                             00000004
CCPR1H                            00000016
CCPR1L                            00000015
CCPR2H                            0000001C
CCPR2L                            0000001B
CHS0                              00000003
CHS1                              00000004
CHS2                              00000005
CKE                               00000006
CKP                               00000004
CREN                              00000004
CSRC                              00000007
D                                 00000005
DATA_ADDRESS                      00000005
DC                                00000001
D_A                               00000005
EEADR                             0000010D
MPASM  5.37                           P52.ASM   11-9-2021  6:48:24         PAGE  5


SYMBOL TABLE
  LABEL                             VALUE 

EEADRH                            0000010F
EECON1                            0000018C
EECON2                            0000018D
EEDATA                            0000010C
EEDATH                            0000010E
EEIE                              00000004
EEIF                              00000004
EEPGD                             00000007
ESTADO0                           00000024
ESTADO1                           00000026
ESTADO2                           00000038
ESTADO3                           00000049
ESTADO4                           0000004C
F                                 00000001
FERR                              00000002
FSR                               00000004
GCEN                              00000007
GIE                               00000007
GO                                00000002
GO_DONE                           00000002
I2C_DATA                          00000005
I2C_READ                          00000002
I2C_START                         00000003
I2C_STOP                          00000004
IBF                               00000007
IBOV                              00000005
INDF                              00000000
INICIO                            00000005
INTCON                            0000000B
INTE                              00000004
INTEDG                            00000006
INTF                              00000001
IRP                               00000007
LOOP                              00000010
LOOP_ESTADO_1                     00000029
LOOP_ESTADO_2                     0000003B
NOT_A                             00000005
NOT_ADDRESS                       00000005
NOT_BO                            00000000
NOT_BOR                           00000000
NOT_DONE                          00000002
NOT_PD                            00000003
NOT_POR                           00000001
NOT_RBPU                          00000007
NOT_RC8                           00000006
NOT_T1SYNC                        00000002
NOT_TO                            00000004
NOT_TX8                           00000006
NOT_W                             00000002
NOT_WRITE                         00000002
OBF                               00000006
OERR                              00000001
OPTION_REG                        00000081
MPASM  5.37                           P52.ASM   11-9-2021  6:48:24         PAGE  6


SYMBOL TABLE
  LABEL                             VALUE 

P                                 00000004
PCFG0                             00000000
PCFG1                             00000001
PCFG2                             00000002
PCFG3                             00000003
PCL                               00000002
PCLATH                            0000000A
PCON                              0000008E
PEIE                              00000006
PEN                               00000002
PIE1                              0000008C
PIE2                              0000008D
PIR1                              0000000C
PIR2                              0000000D
PORTA                             00000005
PORTB                             00000006
PORTC                             00000007
PORTD                             00000008
PORTE                             00000009
PR2                               00000092
PS0                               00000000
PS1                               00000001
PS2                               00000002
PSA                               00000003
PSPIE                             00000007
PSPIF                             00000007
PSPMODE                           00000004
R                                 00000002
RBIE                              00000003
RBIF                              00000000
RC8_9                             00000006
RC9                               00000006
RCD8                              00000000
RCEN                              00000003
RCIE                              00000005
RCIF                              00000005
RCREG                             0000001A
RCSTA                             00000018
RD                                00000000
READ_WRITE                        00000002
RP0                               00000005
RP1                               00000006
RSEN                              00000001
RX9                               00000006
RX9D                              00000000
R_W                               00000002
S                                 00000003
SEN                               00000000
SMP                               00000007
SPBRG                             00000099
SPEN                              00000007
SREN                              00000005
SSPADD                            00000093
MPASM  5.37                           P52.ASM   11-9-2021  6:48:24         PAGE  7


SYMBOL TABLE
  LABEL                             VALUE 

SSPBUF                            00000013
SSPCON                            00000014
SSPCON2                           00000091
SSPEN                             00000005
SSPIE                             00000003
SSPIF                             00000003
SSPM0                             00000000
SSPM1                             00000001
SSPM2                             00000002
SSPM3                             00000003
SSPOV                             00000006
SSPSTAT                           00000094
STATUS                            00000003
SYNC                              00000004
T0CS                              00000005
T0IE                              00000005
T0IF                              00000002
T0SE                              00000004
T1CKPS0                           00000004
T1CKPS1                           00000005
T1CON                             00000010
T1INSYNC                          00000002
T1OSCEN                           00000003
T1SYNC                            00000002
T2CKPS0                           00000000
T2CKPS1                           00000001
T2CON                             00000012
TMR0                              00000001
TMR1CS                            00000001
TMR1H                             0000000F
TMR1IE                            00000000
TMR1IF                            00000000
TMR1L                             0000000E
TMR1ON                            00000000
TMR2                              00000011
TMR2IE                            00000001
TMR2IF                            00000001
TMR2ON                            00000002
TOUTPS0                           00000003
TOUTPS1                           00000004
TOUTPS2                           00000005
TOUTPS3                           00000006
TRISA                             00000085
TRISB                             00000086
TRISC                             00000087
TRISD                             00000088
TRISE                             00000089
TRISE0                            00000000
TRISE1                            00000001
TRISE2                            00000002
TRMT                              00000001
TX8_9                             00000006
TX9                               00000006
MPASM  5.37                           P52.ASM   11-9-2021  6:48:24         PAGE  8


SYMBOL TABLE
  LABEL                             VALUE 

TX9D                              00000000
TXD8                              00000000
TXEN                              00000005
TXIE                              00000004
TXIF                              00000004
TXREG                             00000019
TXSTA                             00000098
UA                                00000001
W                                 00000000
WCOL                              00000007
WR                                00000001
WREN                              00000002
WRERR                             00000003
Z                                 00000002
_BODEN_OFF                        00003FBF
_BODEN_ON                         00003FFF
_CPD_OFF                          00003FFF
_CPD_ON                           00003EFF
_CP_ALL                           00000FCF
_CP_HALF                          00001FDF
_CP_OFF                           00003FFF
_CP_UPPER_256                     00002FEF
_DEBUG_OFF                        00003FFF
_DEBUG_ON                         000037FF
_HS_OSC                           00003FFE
_LP_OSC                           00003FFC
_LVP_OFF                          00003F7F
_LVP_ON                           00003FFF
_PWRTE_OFF                        00003FFF
_PWRTE_ON                         00003FF7
_RC_OSC                           00003FFF
_WDT_OFF                          00003FFB
_WDT_ON                           00003FFF
_WRT_ENABLE_OFF                   00003DFF
_WRT_ENABLE_ON                    00003FFF
_XT_OSC                           00003FFD
__16F877                          00000001
contadorEdo1                      00000024
contadorEdo2                      00000025
cte1                              00000005
cte2                              00000060
cte3                              00000030
dos                               00000053
retardo                           0000004F
tres                              00000051
uno                               00000055
valor1                            00000021
valor2                            00000022
valor3                            00000023
MPASM  5.37                           P52.ASM   11-9-2021  6:48:24         PAGE  9


MEMORY USAGE MAP ('X' = Used,  '-' = Unused)


0000 : X----XXXXXXXXXXX XXXXXXXXXXXXXXXX XXXXXXXXXXXXXXXX XXXXXXXXXXXXXXXX
0040 : XXXXXXXXXXXXXXXX XXXXXXXXXXXX---- ---------------- ----------------

All other memory blocks unused.

Program Memory Words Used:    88
Program Memory Words Free:  8104


Errors   :     0
Warnings :     0 reported,     0 suppressed
Messages :     8 reported,     0 suppressed

