MPASM  5.37                       P52ALE2.ASM   11-9-2021  5:51:33         PAGE  1


LOC  OBJECT CODE     LINE SOURCE TEXT
  VALUE

                      00001  processor 16f877
                      00002   include<p16f877.inc>
                      00001         LIST
                      00002 ; P16F877.INC  Standard Header File, Version 1.00    Microchip Technology, Inc.
                      00373         LIST
                      00003 
  00000020            00004 valor1 equ h'20'
  00000021            00005 valor2 equ h'21'
  00000022            00006 valor3 equ h'22'
  00000020            00007 cte1 equ 20h
  00000050            00008 cte2 equ 50h
  00000060            00009 cte3 equ 60h
                      00010 
  00000060            00011 A5 equ H'60'
  00000061            00012 B10 equ H'61'
  00000062            00013 S5 equ H'62'
  00000063            00014 S10 equ H'63'
                      00015 
0000                  00016   org 0
0000   2805           00017   goto INICIO
0005                  00018   org 5
                      00019 
0005                  00020 INICIO:
0005   0185           00021        CLRF PORTA
0006   1683           00022        BSF STATUS,RP0  ;Cambio al Banco 1
0007   1303           00023        BCF STATUS,RP1 
0008   3006           00024        MOVLW 06H
Message[302]: Register in operand not in bank 0.  Ensure that bank bits are correct.
0009   009F           00025        MOVWF ADCON1  ;Los puertos a y e son digitales
000A   3007           00026        MOVLW H'07'   ;El puerto A se configura como entrada B'00001111'
Message[302]: Register in operand not in bank 0.  Ensure that bank bits are correct.
000B   0085           00027        MOVWF TRISA   ;ENTRADA=1 Y SALIDA=0
000C   3000           00028        MOVLW H'00'
000D   0086           00029        MOVWF PORTB   ;EL PORTB ES LA SALIDA
                      00030        
000E   1283           00031        BCF STATUS,RP0 ;Ahora el banco de memoria es el 0
                      00032        
Warning[207]: Found label after column 1. (DATO)
000F                  00033        DATO:
000F   0186           00034            CLRF PORTB
0010   3005           00035            MOVLW B'00000101'
0011   00E0           00036            MOVWF A5
0012   300A           00037            MOVLW B'00001010'
0013   00E1           00038            MOVWF B10
0014   3006           00039            MOVLW B'00000110'           
0015   00E2           00040            MOVWF S5
0016   300B           00041            MOVLW B'00001011'
0017   00E3           00042            MOVWF S10
0018   1C05           00043            BTFSS PORTA,0 ;Verifica el bit 0 del PORTA
0019   281B           00044            GOTO DATO0  ; 0
001A   281E           00045            GOTO DATO1  ; 1
                      00046        
Warning[207]: Found label after column 1. (DATO0)
MPASM  5.37                       P52ALE2.ASM   11-9-2021  5:51:33         PAGE  2


LOC  OBJECT CODE     LINE SOURCE TEXT
  VALUE

001B                  00047        DATO0:
001B   1C85           00048            BTFSS PORTA,1 
001C   2821           00049            GOTO DATO00 
001D   2832           00050            GOTO ANTIHORARIO1 
Warning[207]: Found label after column 1. (DATO1)
001E                  00051        DATO1:
001E   1C85           00052            BTFSS PORTA,1 
001F   2824           00053            GOTO HORARIO1 
0020   282B           00054            GOTO HORARIO2
Warning[207]: Found label after column 1. (DATO00)
0021                  00055        DATO00:
0021   1D05           00056            BTFSS PORTA,2 
0022   2840           00057            GOTO DETENIDO 
0023   2839           00058            GOTO ANTIHORARIO2
Warning[207]: Found label after column 1. (HORARIO1)
0024                  00059        HORARIO1:
0024   2044           00060            CALL PASO1
0025   2048           00061            CALL PASO2
0026   204C           00062            CALL PASO3
0027   2050           00063            CALL PASO4
Message[305]: Using default destination of 1 (file).
0028   0BE2           00064            DECFSZ S5 
0029   2824           00065            GOTO HORARIO1 
002A   280F           00066            GOTO DATO
Warning[207]: Found label after column 1. (HORARIO2)
002B                  00067        HORARIO2:
002B   2044           00068            CALL PASO1
002C   2048           00069            CALL PASO2
002D   204C           00070            CALL PASO3
002E   2050           00071            CALL PASO4
Message[305]: Using default destination of 1 (file).
002F   0BE0           00072            DECFSZ A5 
0030   282B           00073            GOTO HORARIO2 
0031   280F           00074            GOTO DATO              
Warning[207]: Found label after column 1. (ANTIHORARIO1)
0032                  00075        ANTIHORARIO1:
0032   2050           00076            CALL PASO4
0033   204C           00077            CALL PASO3
0034   2048           00078            CALL PASO2
0035   2044           00079            CALL PASO1
Message[305]: Using default destination of 1 (file).
0036   0BE3           00080            DECFSZ S10 
0037   2832           00081            GOTO ANTIHORARIO1 
0038   280F           00082            GOTO DATO
Warning[207]: Found label after column 1. (ANTIHORARIO2)
0039                  00083        ANTIHORARIO2:
0039   2050           00084            CALL PASO4
003A   204C           00085            CALL PASO3
003B   2048           00086            CALL PASO2
003C   2044           00087            CALL PASO1
Message[305]: Using default destination of 1 (file).
003D   0BE1           00088            DECFSZ B10 
003E   2839           00089            GOTO ANTIHORARIO2 
MPASM  5.37                       P52ALE2.ASM   11-9-2021  5:51:33         PAGE  3


LOC  OBJECT CODE     LINE SOURCE TEXT
  VALUE

003F   280F           00090            GOTO DATO
Warning[207]: Found label after column 1. (DETENIDO)
0040                  00091        DETENIDO:
0040   3000           00092            MOVLW B'00000000'
0041   0086           00093            MOVWF PORTB
0042   2054           00094            CALL RETARDO
0043   280F           00095            GOTO DATO
Warning[207]: Found label after column 1. (PASO1)
0044                  00096        PASO1:
0044   3009           00097            MOVLW B'00001001'
0045   0086           00098            MOVWF PORTB
0046   2054           00099            CALL RETARDO
0047   0008           00100            RETURN                
Warning[207]: Found label after column 1. (PASO2)
0048                  00101        PASO2:
0048   3003           00102            MOVLW B'00000011'
0049   0086           00103            MOVWF PORTB
004A   2054           00104            CALL RETARDO
004B   0008           00105            RETURN
Warning[207]: Found label after column 1. (PASO3)
004C                  00106        PASO3:
004C   3006           00107            MOVLW B'00000110'
004D   0086           00108            MOVWF PORTB
004E   2054           00109            CALL RETARDO
004F   0008           00110            RETURN
Warning[207]: Found label after column 1. (PASO4)
0050                  00111        PASO4:
0050   300C           00112            MOVLW B'00001100'
0051   0086           00113            MOVWF PORTB
0052   2054           00114            CALL RETARDO
0053   280F           00115            GOTO DATO
                      00116        
Warning[207]: Found label after column 1. (RETARDO)
0054                  00117        RETARDO:
0054   3020           00118            MOVLW cte1
0055   00A0           00119            MOVWF valor1
Warning[207]: Found label after column 1. (TRES)
0056                  00120        TRES:
0056   3050           00121            MOVLW cte2
0057   00A1           00122            MOVWF valor2
Warning[207]: Found label after column 1. (DOS)
0058                  00123        DOS:
0058   3060           00124            MOVLW cte3
0059   00A2           00125            MOVWF valor3
Warning[207]: Found label after column 1. (UNO)
005A                  00126        UNO:
Message[305]: Using default destination of 1 (file).
005A   0BA2           00127            DECFSZ valor3
005B   285A           00128            GOTO UNO
Message[305]: Using default destination of 1 (file).
005C   0BA1           00129            DECFSZ valor2
005D   2858           00130            GOTO DOS
Message[305]: Using default destination of 1 (file).
MPASM  5.37                       P52ALE2.ASM   11-9-2021  5:51:33         PAGE  4


LOC  OBJECT CODE     LINE SOURCE TEXT
  VALUE

005E   0BA0           00131            DECFSZ valor1
005F   2856           00132            GOTO TRES
0060   0008           00133            RETURN
                      00134      
                      00135      END
MPASM  5.37                       P52ALE2.ASM   11-9-2021  5:51:33         PAGE  5


SYMBOL TABLE
  LABEL                             VALUE 

A5                                00000060
ACKDT                             00000005
ACKEN                             00000004
ACKSTAT                           00000006
ADCON0                            0000001F
ADCON1                            0000009F
ADCS0                             00000006
ADCS1                             00000007
ADDEN                             00000003
ADFM                              00000007
ADIE                              00000006
ADIF                              00000006
ADON                              00000000
ADRESH                            0000001E
ADRESL                            0000009E
ANTIHORARIO1                      00000032
ANTIHORARIO2                      00000039
B10                               00000061
BCLIE                             00000003
BCLIF                             00000003
BF                                00000000
BRGH                              00000002
C                                 00000000
CCP1CON                           00000017
CCP1IE                            00000002
CCP1IF                            00000002
CCP1M0                            00000000
CCP1M1                            00000001
CCP1M2                            00000002
CCP1M3                            00000003
CCP1X                             00000005
CCP1Y                             00000004
CCP2CON                           0000001D
CCP2IE                            00000000
CCP2IF                            00000000
CCP2M0                            00000000
CCP2M1                            00000001
CCP2M2                            00000002
CCP2M3                            00000003
CCP2X                             00000005
CCP2Y                             00000004
CCPR1H                            00000016
CCPR1L                            00000015
CCPR2H                            0000001C
CCPR2L                            0000001B
CHS0                              00000003
CHS1                              00000004
CHS2                              00000005
CKE                               00000006
CKP                               00000004
CREN                              00000004
CSRC                              00000007
D                                 00000005
MPASM  5.37                       P52ALE2.ASM   11-9-2021  5:51:33         PAGE  6


SYMBOL TABLE
  LABEL                             VALUE 

DATA_ADDRESS                      00000005
DATO                              0000000F
DATO0                             0000001B
DATO00                            00000021
DATO1                             0000001E
DC                                00000001
DETENIDO                          00000040
DOS                               00000058
D_A                               00000005
EEADR                             0000010D
EEADRH                            0000010F
EECON1                            0000018C
EECON2                            0000018D
EEDATA                            0000010C
EEDATH                            0000010E
EEIE                              00000004
EEIF                              00000004
EEPGD                             00000007
F                                 00000001
FERR                              00000002
FSR                               00000004
GCEN                              00000007
GIE                               00000007
GO                                00000002
GO_DONE                           00000002
HORARIO1                          00000024
HORARIO2                          0000002B
I2C_DATA                          00000005
I2C_READ                          00000002
I2C_START                         00000003
I2C_STOP                          00000004
IBF                               00000007
IBOV                              00000005
INDF                              00000000
INICIO                            00000005
INTCON                            0000000B
INTE                              00000004
INTEDG                            00000006
INTF                              00000001
IRP                               00000007
NOT_A                             00000005
NOT_ADDRESS                       00000005
NOT_BO                            00000000
NOT_BOR                           00000000
NOT_DONE                          00000002
NOT_PD                            00000003
NOT_POR                           00000001
NOT_RBPU                          00000007
NOT_RC8                           00000006
NOT_T1SYNC                        00000002
NOT_TO                            00000004
NOT_TX8                           00000006
NOT_W                             00000002
MPASM  5.37                       P52ALE2.ASM   11-9-2021  5:51:33         PAGE  7


SYMBOL TABLE
  LABEL                             VALUE 

NOT_WRITE                         00000002
OBF                               00000006
OERR                              00000001
OPTION_REG                        00000081
P                                 00000004
PASO1                             00000044
PASO2                             00000048
PASO3                             0000004C
PASO4                             00000050
PCFG0                             00000000
PCFG1                             00000001
PCFG2                             00000002
PCFG3                             00000003
PCL                               00000002
PCLATH                            0000000A
PCON                              0000008E
PEIE                              00000006
PEN                               00000002
PIE1                              0000008C
PIE2                              0000008D
PIR1                              0000000C
PIR2                              0000000D
PORTA                             00000005
PORTB                             00000006
PORTC                             00000007
PORTD                             00000008
PORTE                             00000009
PR2                               00000092
PS0                               00000000
PS1                               00000001
PS2                               00000002
PSA                               00000003
PSPIE                             00000007
PSPIF                             00000007
PSPMODE                           00000004
R                                 00000002
RBIE                              00000003
RBIF                              00000000
RC8_9                             00000006
RC9                               00000006
RCD8                              00000000
RCEN                              00000003
RCIE                              00000005
RCIF                              00000005
RCREG                             0000001A
RCSTA                             00000018
RD                                00000000
READ_WRITE                        00000002
RETARDO                           00000054
RP0                               00000005
RP1                               00000006
RSEN                              00000001
RX9                               00000006
MPASM  5.37                       P52ALE2.ASM   11-9-2021  5:51:33         PAGE  8


SYMBOL TABLE
  LABEL                             VALUE 

RX9D                              00000000
R_W                               00000002
S                                 00000003
S10                               00000063
S5                                00000062
SEN                               00000000
SMP                               00000007
SPBRG                             00000099
SPEN                              00000007
SREN                              00000005
SSPADD                            00000093
SSPBUF                            00000013
SSPCON                            00000014
SSPCON2                           00000091
SSPEN                             00000005
SSPIE                             00000003
SSPIF                             00000003
SSPM0                             00000000
SSPM1                             00000001
SSPM2                             00000002
SSPM3                             00000003
SSPOV                             00000006
SSPSTAT                           00000094
STATUS                            00000003
SYNC                              00000004
T0CS                              00000005
T0IE                              00000005
T0IF                              00000002
T0SE                              00000004
T1CKPS0                           00000004
T1CKPS1                           00000005
T1CON                             00000010
T1INSYNC                          00000002
T1OSCEN                           00000003
T1SYNC                            00000002
T2CKPS0                           00000000
T2CKPS1                           00000001
T2CON                             00000012
TMR0                              00000001
TMR1CS                            00000001
TMR1H                             0000000F
TMR1IE                            00000000
TMR1IF                            00000000
TMR1L                             0000000E
TMR1ON                            00000000
TMR2                              00000011
TMR2IE                            00000001
TMR2IF                            00000001
TMR2ON                            00000002
TOUTPS0                           00000003
TOUTPS1                           00000004
TOUTPS2                           00000005
TOUTPS3                           00000006
MPASM  5.37                       P52ALE2.ASM   11-9-2021  5:51:33         PAGE  9


SYMBOL TABLE
  LABEL                             VALUE 

TRES                              00000056
TRISA                             00000085
TRISB                             00000086
TRISC                             00000087
TRISD                             00000088
TRISE                             00000089
TRISE0                            00000000
TRISE1                            00000001
TRISE2                            00000002
TRMT                              00000001
TX8_9                             00000006
TX9                               00000006
TX9D                              00000000
TXD8                              00000000
TXEN                              00000005
TXIE                              00000004
TXIF                              00000004
TXREG                             00000019
TXSTA                             00000098
UA                                00000001
UNO                               0000005A
W                                 00000000
WCOL                              00000007
WR                                00000001
WREN                              00000002
WRERR                             00000003
Z                                 00000002
_BODEN_OFF                        00003FBF
_BODEN_ON                         00003FFF
_CPD_OFF                          00003FFF
_CPD_ON                           00003EFF
_CP_ALL                           00000FCF
_CP_HALF                          00001FDF
_CP_OFF                           00003FFF
_CP_UPPER_256                     00002FEF
_DEBUG_OFF                        00003FFF
_DEBUG_ON                         000037FF
_HS_OSC                           00003FFE
_LP_OSC                           00003FFC
_LVP_OFF                          00003F7F
_LVP_ON                           00003FFF
_PWRTE_OFF                        00003FFF
_PWRTE_ON                         00003FF7
_RC_OSC                           00003FFF
_WDT_OFF                          00003FFB
_WDT_ON                           00003FFF
_WRT_ENABLE_OFF                   00003DFF
_WRT_ENABLE_ON                    00003FFF
_XT_OSC                           00003FFD
__16F877                          00000001
cte1                              00000020
cte2                              00000050
cte3                              00000060
MPASM  5.37                       P52ALE2.ASM   11-9-2021  5:51:33         PAGE 10


SYMBOL TABLE
  LABEL                             VALUE 

valor1                            00000020
valor2                            00000021
valor3                            00000022


MEMORY USAGE MAP ('X' = Used,  '-' = Unused)

0000 : X----XXXXXXXXXXX XXXXXXXXXXXXXXXX XXXXXXXXXXXXXXXX XXXXXXXXXXXXXXXX
0040 : XXXXXXXXXXXXXXXX XXXXXXXXXXXXXXXX X--------------- ----------------

All other memory blocks unused.

Program Memory Words Used:    93
Program Memory Words Free:  8099


Errors   :     0
Warnings :    17 reported,     0 suppressed
Messages :     9 reported,     0 suppressed

