MPASM  5.37                           P51.ASM   11-8-2021  16:30:46         PAGE  1


LOC  OBJECT CODE     LINE SOURCE TEXT
  VALUE

Warning[205]: Found directive in column 1. (PROCESSOR)
Warning[215]: Processor superseded by command line.  Verify processor symbol.
                      00001 PROCESSOR 16F877A
Warning[205]: Found directive in column 1. (INCLUDE)
                      00002 INCLUDE <P16F877A.INC>
                      00001         LIST
                      00002 ; P16F877A.INC  Standard Header File, Version 1.00    Microchip Technology, Inc.
Message[301]: MESSAGE: (Processor-header file mismatch.  Verify selected processor.)
                      00400         LIST
                      00003 
                      00004 ;DECLARACIÓN DE CONSTANTES
  00000010            00005 C1 EQU 10H; LA CONSTANTE 1 TENDRÁ VALOR DE 10H
  00000010            00006 C2 EQU 10H; LA CONSTANTE 2 TENDRÁ VALOR DE 50H
  00000010            00007 C3 EQU 10H; LA CONSTANTE 3 TENDRÁ VALOR DE 60H
                      00008 
                      00009 ;Asignación de espacio de memoria a variables.
  00000000            00010 Z1 EQU H'00'; ASIGNACION DE Z1 EN 00H
  00000001            00011 Z2 EQU H'01'; ASIGNACION DE Z2 EN 01H
  00000002            00012 Z3 EQU H'02'; ASIGNACION DE Z3 EN 02H
  00000003            00013 Z4 EQU H'03'; ASIGNACION DE Z4 EN 03H
  00000004            00014 Z5 EQU H'04'; ASIGNACION DE Z5 EN 04H
  00000005            00015 Z6 EQU H'05'; ASIGNACION DE Z6 EN 05H
  00000006            00016 Z7 EQU H'06'; ASIGNACION DE Z7 EN 06H
  00000007            00017 Z8 EQU H'07'; ASIGNACION DE Z8 EN 07H
  00000008            00018 Z9 EQU H'08'; ASIGNACION DE Z9 EN 08H
  00000021            00019 V1 EQU H'21'; ASIGNACION DE V1 EN 21H
  00000022            00020 V2 EQU H'22'; ASIGNACION DE V2 EN 22H
  00000023            00021 V3 EQU H'23'; ASIGNACION DE V3 EN 23H
  00000024            00022 V4 EQU H'24'; ASIGNACION DE V4 EN 24H
  00000025            00023 V5 EQU H'25'; ASIGNACION DE V5 EN 25H
  00000026            00024 V6 EQU H'26'; ASIGNACION DE V6 EN 26H
  00000027            00025 V7 EQU H'27'; ASIGNACION DE V7 EN 27H
  00000028            00026 V8 EQU H'28'; ASIGNACION DE V8 EN 28H
  00000029            00027 V9 EQU H'29'; ASIGNACION DE V9 EN 29H
  00000030            00028 V10 EQU H'30'; ASIGNACION DE V10 EN 30H
  00000031            00029 V11 EQU H'31'; ASIGNACION DE V11 EN 31H
  00000032            00030 V12 EQU H'32'; ASIGNACION DE V12 EN 32H
                      00031 
Warning[205]: Found directive in column 1. (ORG)
0000                  00032 ORG 0
Warning[203]: Found opcode in column 1. (GOTO)
0000   2805           00033 GOTO INICIO
Warning[205]: Found directive in column 1. (ORG)
0005                  00034 ORG 5
                      00035 
0005                  00036 INICIO:
0005   0185           00037         CLRF PORTA
0006   0186           00038         CLRF PORTB; LIMPIEZA DE LOS PUERTOS A Y B
0007   1683           00039         BSF STATUS,RP0
0008   1303           00040         BCF STATUS, RP1; CAMBIO AL BANCO 1 DE RAM
Message[302]: Register in operand not in bank 0.  Ensure that bank bits are correct.
0009   0086           00041         MOVWF TRISB;
000A   0186           00042         CLRF PORTB
MPASM  5.37                           P51.ASM   11-8-2021  16:30:46         PAGE  2


LOC  OBJECT CODE     LINE SOURCE TEXT
  VALUE

000B   3006           00043         MOVLW H'06'
Message[302]: Register in operand not in bank 0.  Ensure that bank bits are correct.
000C   009F           00044         MOVWF ADCON1
000D   303F           00045         MOVLW H'3F'
Message[302]: Register in operand not in bank 0.  Ensure that bank bits are correct.
000E   0085           00046         MOVWF TRISA
000F   1283           00047         BCF STATUS, RP0
                      00048 
0010                  00049 CICLO:
0010   3000           00050         MOVLW Z1
0011   00A4           00051         MOVWF V4 
0012   0805           00052         MOVFW PORTA                 
0013   0624           00053         XORWF V4,W                
0014   1903           00054     BTFSC STATUS,Z             
0015   2846           00055         GOTO DETENER           
                      00056 
0016   3001           00057         MOVLW Z2                   
0017   00A5           00058         MOVWF V5                  
0018   0805           00059         MOVFW PORTA                 
0019   0625           00060         XORWF V5,W                             
001A   1903           00061         BTFSC STATUS,Z              
001B   2849           00062         GOTO GIRO1_HORARIO       
                      00063 
001C   3002           00064         MOVLW Z3                       
001D   00A6           00065         MOVWF V6                   
001E   0805           00066         MOVFW PORTA                
001F   0626           00067         XORWF V6,W                 
0020   1903           00068         BTFSC STATUS,Z              
0021   284D           00069         GOTO GIRO1_ANTIHORARIO    
                      00070 
0022   3003           00071         MOVLW Z4                   
0023   00A7           00072         MOVWF V7                   
0024   0805           00073         MOVFW PORTA                 
0025   0627           00074         XORWF V7,W                 
0026   1903           00075         BTFSC STATUS,Z              
0027   2851           00076         GOTO GIRO2_HORARIO        
                      00077 
0028   3004           00078         MOVLW Z5                   
0029   00A8           00079         MOVWF V8                   
002A   0805           00080         MOVFW PORTA                 
002B   0628           00081         XORWF V8,W                 
002C   1903           00082         BTFSC STATUS,Z              
002D   2855           00083         GOTO GIRO2_ANTIHORARIO    
                      00084 
002E   3005           00085         MOVLW Z6                   
002F   00A9           00086         MOVWF V9                   
0030   0805           00087         MOVFW PORTA                 
0031   0629           00088         XORWF V9,W                 
0032   1903           00089         BTFSC STATUS,Z              
0033   2859           00090         GOTO GIRO3_HORARIO            
                      00091 
0034   3006           00092         MOVLW Z7                   
0035   00B0           00093         MOVWF V10                   
MPASM  5.37                           P51.ASM   11-8-2021  16:30:46         PAGE  3


LOC  OBJECT CODE     LINE SOURCE TEXT
  VALUE

0036   0805           00094         MOVFW PORTA                 
0037   0630           00095         XORWF V10,W                 
0038   1903           00096         BTFSC STATUS,Z              
0039   285D           00097         GOTO GIRO3_ANTIHORARIO        
                      00098 
003A   3007           00099         MOVLW Z8                 
003B   00B1           00100         MOVWF V11                   
003C   0805           00101         MOVFW PORTA                
003D   0631           00102         XORWF V11,W                 
003E   1903           00103         BTFSC STATUS,Z              
003F   2861           00104         GOTO GIRO4_HORARIO  
                      00105 
0040   3008           00106         MOVLW Z9                   
0041   00B2           00107         MOVWF V12                   
0042   0805           00108         MOVFW PORTA                 
0043   0632           00109         XORWF V12,W                 
0044   1903           00110         BTFSC STATUS,Z              
0045   2865           00111         GOTO GIRO4_ANTIHORARIO 
                      00112 
0046                  00113 DETENER:
0046   3000           00114         MOVLW 0                     ;MOTORES APAGADOS
0047   0086           00115     MOVWF PORTB         ;PUERTO B = 0000000
0048   2810           00116     GOTO CICLO          ;REGRESAR A CICLO
                      00117 
0049                  00118 GIRO1_HORARIO:
0049   3005           00119         MOVLW B'000101'     ;MOTOR0 APAGADO, MOTOR1 GIROHORARIO
004A   0086           00120     MOVWF PORTB         
004B   2069           00121     CALL RETARDO       
004C   2810           00122     GOTO CICLO          
                      00123 
004D                  00124 GIRO1_ANTIHORARIO:   
004D   3006           00125         MOVLW B'000110'     ;MOTOR0 APAGADO, MOTOR1 GIROANTIHORARIO
004E   0086           00126         MOVWF PORTB                 
004F   2069           00127         CALL RETARDO         
0050   2810           00128         GOTO CICLO          
                      00129 
0051                  00130 GIRO2_HORARIO:
0051   3018           00131         MOVLW B'011000'     ;MOTOR0 GIROHORARIO, MOTOR1 APAGADO
0052   0086           00132         MOVWF PORTB         
0053   2069           00133         CALL RETARDO        
0054   2810           00134         GOTO CICLO          
                      00135 
0055                  00136 GIRO2_ANTIHORARIO:
0055   3028           00137         MOVLW B'101000'     ;MOTOR0 GIROANTIHORARIO, MOTOR1 APAGADO
0056   0086           00138         MOVWF PORTB                     
0057   2069           00139         CALL RETARDO        
0058   2810           00140         GOTO CICLO              
                      00141 
0059                  00142 GIRO3_HORARIO:
0059   301D           00143         MOVLW B'011101'     ;MOTOR0 GIROHORARIO, MOTOR1 GIROHORARIO
005A   0086           00144         MOVWF PORTB                     
005B   2069           00145         CALL RETARDO        
005C   2810           00146         GOTO CICLO                      
MPASM  5.37                           P51.ASM   11-8-2021  16:30:46         PAGE  4


LOC  OBJECT CODE     LINE SOURCE TEXT
  VALUE

                      00147 
005D                  00148 GIRO3_ANTIHORARIO:
005D   302E           00149         MOVLW B'101110'     ;MOTOR0 GIROANTIHORARIO, MOTOR1 GIROANTIHORARIO
005E   0086           00150         MOVWF PORTB                     
005F   2069           00151         CALL RETARDO        
0060   2810           00152         GOTO CICLO                      
                      00153 
0061                  00154 GIRO4_HORARIO:
0061   301E           00155         MOVLW B'011110'     ;MOTOR0 GIROHORARIO, MOTOR1 GIROANTIHORARIO
0062   0086           00156         MOVWF PORTB     
0063   2069           00157         CALL RETARDO        
0064   2810           00158         GOTO CICLO                      
                      00159         
0065                  00160 GIRO4_ANTIHORARIO:
0065   302D           00161         MOVLW B'101101'     ;MOTOR0 GIROANTIHORARIO, MOTOR1 GIROHORARIO
0066   0086           00162         MOVWF PORTB                     
0067   2069           00163         CALL RETARDO        
0068   2810           00164         GOTO CICLO                      
                      00165 
0069                  00166 RETARDO:
0069   3010           00167         MOVLW C1            
006A   00A1           00168         MOVWF V1            
006B                  00169 TRES:
006B   0090           00170         MOVWF C2           
006C   00A2           00171         MOVWF V2                
006D                  00172 DOS:
006D   0090           00173         MOVWF C3            
006E   00A3           00174         MOVWF V3            
006F                  00175 UNO:
Message[305]: Using default destination of 1 (file).
006F   0BA3           00176         DECFSZ V3           
0070   286F           00177         GOTO UNO            
Message[305]: Using default destination of 1 (file).
0071   0BA2           00178         DECFSZ V2           
0072   286D           00179         GOTO DOS            
Message[305]: Using default destination of 1 (file).
0073   0BA1           00180         DECFSZ V1           
0074   286B           00181         GOTO TRES           
0075   0008           00182         RETURN              
                      00183         END                 ;FIN DEL PROGRAMA
MPASM  5.37                           P51.ASM   11-8-2021  16:30:46         PAGE  5


SYMBOL TABLE
  LABEL                             VALUE 

ACKDT                             00000005
ACKEN                             00000004
ACKSTAT                           00000006
ADCON0                            0000001F
ADCON1                            0000009F
ADCS0                             00000006
ADCS1                             00000007
ADCS2                             00000006
ADDEN                             00000003
ADFM                              00000007
ADIE                              00000006
ADIF                              00000006
ADON                              00000000
ADRESH                            0000001E
ADRESL                            0000009E
BCLIE                             00000003
BCLIF                             00000003
BF                                00000000
BRGH                              00000002
C                                 00000000
C1                                00000010
C1INV                             00000004
C1OUT                             00000006
C2                                00000010
C2INV                             00000005
C2OUT                             00000007
C3                                00000010
CCP1CON                           00000017
CCP1IE                            00000002
CCP1IF                            00000002
CCP1M0                            00000000
CCP1M1                            00000001
CCP1M2                            00000002
CCP1M3                            00000003
CCP1X                             00000005
CCP1Y                             00000004
CCP2CON                           0000001D
CCP2IE                            00000000
CCP2IF                            00000000
CCP2M0                            00000000
CCP2M1                            00000001
CCP2M2                            00000002
CCP2M3                            00000003
CCP2X                             00000005
CCP2Y                             00000004
CCPR1H                            00000016
CCPR1L                            00000015
CCPR2H                            0000001C
CCPR2L                            0000001B
CHS0                              00000003
CHS1                              00000004
CHS2                              00000005
CICLO                             00000010
MPASM  5.37                           P51.ASM   11-8-2021  16:30:46         PAGE  6


SYMBOL TABLE
  LABEL                             VALUE 

CIS                               00000003
CKE                               00000006
CKP                               00000004
CM0                               00000000
CM1                               00000001
CM2                               00000002
CMCON                             0000009C
CMIE                              00000006
CMIF                              00000006
CREN                              00000004
CSRC                              00000007
CVR0                              00000000
CVR1                              00000001
CVR2                              00000002
CVR3                              00000003
CVRCON                            0000009D
CVREN                             00000007
CVROE                             00000006
CVRR                              00000005
D                                 00000005
DATA_ADDRESS                      00000005
DC                                00000001
DETENER                           00000046
DOS                               0000006D
D_A                               00000005
EEADR                             0000010D
EEADRH                            0000010F
EECON1                            0000018C
EECON2                            0000018D
EEDATA                            0000010C
EEDATH                            0000010E
EEIE                              00000004
EEIF                              00000004
EEPGD                             00000007
F                                 00000001
FERR                              00000002
FSR                               00000004
GCEN                              00000007
GIE                               00000007
GIRO1_ANTIHORARIO                 0000004D
GIRO1_HORARIO                     00000049
GIRO2_ANTIHORARIO                 00000055
GIRO2_HORARIO                     00000051
GIRO3_ANTIHORARIO                 0000005D
GIRO3_HORARIO                     00000059
GIRO4_ANTIHORARIO                 00000065
GIRO4_HORARIO                     00000061
GO                                00000002
GO_DONE                           00000002
I2C_DATA                          00000005
I2C_READ                          00000002
I2C_START                         00000003
I2C_STOP                          00000004
MPASM  5.37                           P51.ASM   11-8-2021  16:30:46         PAGE  7


SYMBOL TABLE
  LABEL                             VALUE 

IBF                               00000007
IBOV                              00000005
INDF                              00000000
INICIO                            00000005
INTCON                            0000000B
INTE                              00000004
INTEDG                            00000006
INTF                              00000001
IRP                               00000007
NOT_A                             00000005
NOT_ADDRESS                       00000005
NOT_BO                            00000000
NOT_BOR                           00000000
NOT_DONE                          00000002
NOT_PD                            00000003
NOT_POR                           00000001
NOT_RBPU                          00000007
NOT_RC8                           00000006
NOT_T1SYNC                        00000002
NOT_TO                            00000004
NOT_TX8                           00000006
NOT_W                             00000002
NOT_WRITE                         00000002
OBF                               00000006
OERR                              00000001
OPTION_REG                        00000081
P                                 00000004
PCFG0                             00000000
PCFG1                             00000001
PCFG2                             00000002
PCFG3                             00000003
PCL                               00000002
PCLATH                            0000000A
PCON                              0000008E
PEIE                              00000006
PEN                               00000002
PIE1                              0000008C
PIE2                              0000008D
PIR1                              0000000C
PIR2                              0000000D
PORTA                             00000005
PORTB                             00000006
PORTC                             00000007
PORTD                             00000008
PORTE                             00000009
PR2                               00000092
PS0                               00000000
PS1                               00000001
PS2                               00000002
PSA                               00000003
PSPIE                             00000007
PSPIF                             00000007
PSPMODE                           00000004
MPASM  5.37                           P51.ASM   11-8-2021  16:30:46         PAGE  8


SYMBOL TABLE
  LABEL                             VALUE 

R                                 00000002
RBIE                              00000003
RBIF                              00000000
RC8_9                             00000006
RC9                               00000006
RCD8                              00000000
RCEN                              00000003
RCIE                              00000005
RCIF                              00000005
RCREG                             0000001A
RCSTA                             00000018
RD                                00000000
READ_WRITE                        00000002
RETARDO                           00000069
RP0                               00000005
RP1                               00000006
RSEN                              00000001
RX9                               00000006
RX9D                              00000000
R_W                               00000002
S                                 00000003
SEN                               00000000
SMP                               00000007
SPBRG                             00000099
SPEN                              00000007
SREN                              00000005
SSPADD                            00000093
SSPBUF                            00000013
SSPCON                            00000014
SSPCON2                           00000091
SSPEN                             00000005
SSPIE                             00000003
SSPIF                             00000003
SSPM0                             00000000
SSPM1                             00000001
SSPM2                             00000002
SSPM3                             00000003
SSPOV                             00000006
SSPSTAT                           00000094
STATUS                            00000003
SYNC                              00000004
T0CS                              00000005
T0IE                              00000005
T0IF                              00000002
T0SE                              00000004
T1CKPS0                           00000004
T1CKPS1                           00000005
T1CON                             00000010
T1INSYNC                          00000002
T1OSCEN                           00000003
T1SYNC                            00000002
T2CKPS0                           00000000
T2CKPS1                           00000001
MPASM  5.37                           P51.ASM   11-8-2021  16:30:46         PAGE  9


SYMBOL TABLE
  LABEL                             VALUE 

T2CON                             00000012
TMR0                              00000001
TMR0IE                            00000005
TMR0IF                            00000002
TMR1CS                            00000001
TMR1H                             0000000F
TMR1IE                            00000000
TMR1IF                            00000000
TMR1L                             0000000E
TMR1ON                            00000000
TMR2                              00000011
TMR2IE                            00000001
TMR2IF                            00000001
TMR2ON                            00000002
TOUTPS0                           00000003
TOUTPS1                           00000004
TOUTPS2                           00000005
TOUTPS3                           00000006
TRES                              0000006B
TRISA                             00000085
TRISB                             00000086
TRISC                             00000087
TRISD                             00000088
TRISE                             00000089
TRISE0                            00000000
TRISE1                            00000001
TRISE2                            00000002
TRMT                              00000001
TX8_9                             00000006
TX9                               00000006
TX9D                              00000000
TXD8                              00000000
TXEN                              00000005
TXIE                              00000004
TXIF                              00000004
TXREG                             00000019
TXSTA                             00000098
UA                                00000001
UNO                               0000006F
V1                                00000021
V10                               00000030
V11                               00000031
V12                               00000032
V2                                00000022
V3                                00000023
V4                                00000024
V5                                00000025
V6                                00000026
V7                                00000027
V8                                00000028
V9                                00000029
W                                 00000000
WCOL                              00000007
MPASM  5.37                           P51.ASM   11-8-2021  16:30:46         PAGE 10


SYMBOL TABLE
  LABEL                             VALUE 

WR                                00000001
WREN                              00000002
WRERR                             00000003
Z                                 00000002
Z1                                00000000
Z2                                00000001
Z3                                00000002
Z4                                00000003
Z5                                00000004
Z6                                00000005
Z7                                00000006
Z8                                00000007
Z9                                00000008
_BODEN_OFF                        00003FBF
_BODEN_ON                         00003FFF
_CPD_OFF                          00003FFF
_CPD_ON                           00003EFF
_CP_ALL                           00001FFF
_CP_OFF                           00003FFF
_DEBUG_OFF                        00003FFF
_DEBUG_ON                         000037FF
_HS_OSC                           00003FFE
_LP_OSC                           00003FFC
_LVP_OFF                          00003F7F
_LVP_ON                           00003FFF
_PWRTE_OFF                        00003FFF
_PWRTE_ON                         00003FF7
_RC_OSC                           00003FFF
_WDT_OFF                          00003FFB
_WDT_ON                           00003FFF
_WRT_1FOURTH                      00003BFF
_WRT_256                          00003DFF
_WRT_HALF                         000039FF
_WRT_OFF                          00003FFF
_XT_OSC                           00003FFD
__16F877                          00000001


MEMORY USAGE MAP ('X' = Used,  '-' = Unused)

0000 : X----XXXXXXXXXXX XXXXXXXXXXXXXXXX XXXXXXXXXXXXXXXX XXXXXXXXXXXXXXXX
0040 : XXXXXXXXXXXXXXXX XXXXXXXXXXXXXXXX XXXXXXXXXXXXXXXX XXXXXX----------

All other memory blocks unused.

Program Memory Words Used:   114
Program Memory Words Free:  8078


MPASM  5.37                           P51.ASM   11-8-2021  16:30:46         PAGE 11





Errors   :     0
Warnings :     6 reported,     0 suppressed
Messages :     7 reported,     0 suppressed

